build/app/intermediates/manifest_merge_blame_file/release/manifest-merger-blame-release-report.txt
1<?xml version="1.0" encoding="utf-8"?>
2<manifest xmlns:android="http://schemas.android.com/apk/res/android"
3    package="com.edentech.fuodzvendor"
4    android:versionCode="8"
5    android:versionName="1.3.0" >
6
7    <uses-sdk
8        android:minSdkVersion="23"
8-->src\main\AndroidManifest.xml
9        android:targetSdkVersion="29" />
9-->src\main\AndroidManifest.xml
10
11    <uses-permission android:name="android.permission.BLUETOOTH" />
11-->src\main\AndroidManifest.xml:8:9-72
11-->src\main\AndroidManifest.xml:8:26-69
12    <uses-permission android:name="android.permission.BLUETOOTH_ADMIN" />
12-->src\main\AndroidManifest.xml:9:9-78
12-->src\main\AndroidManifest.xml:9:26-75
13    <uses-permission android:name="android.permission.ACCESS_COARSE_LOCATION" />
13-->src\main\AndroidManifest.xml:10:9-84
13-->src\main\AndroidManifest.xml:10:26-82
14    <uses-permission android:name="android.permission.INTERNET" />
14-->[:firebase_messaging] AndroidManifest.xml:7:5-67
14-->[:firebase_messaging] AndroidManifest.xml:7:22-64
15    <uses-permission android:name="android.permission.WAKE_LOCK" />
15-->[:firebase_messaging] AndroidManifest.xml:8:5-68
15-->[:firebase_messaging] AndroidManifest.xml:8:22-65
16    <uses-permission android:name="android.permission.ACCESS_NETWORK_STATE" />
16-->[:firebase_messaging] AndroidManifest.xml:9:5-79
16-->[:firebase_messaging] AndroidManifest.xml:9:22-76
17    <uses-permission android:name="android.permission.READ_EXTERNAL_STORAGE" />
17-->[:image_picker] AndroidManifest.xml:7:5-80
17-->[:image_picker] AndroidManifest.xml:7:22-77
18    <uses-permission android:name="android.permission.WRITE_EXTERNAL_STORAGE" />
18-->[:image_picker] AndroidManifest.xml:8:5-81
18-->[:image_picker] AndroidManifest.xml:8:22-78
19    <uses-permission android:name="android.permission.RECEIVE_BOOT_COMPLETED" />
19-->[:flutter_local_notifications] AndroidManifest.xml:7:5-81
19-->[:flutter_local_notifications] AndroidManifest.xml:7:22-78
20    <uses-permission android:name="android.permission.VIBRATE" />
20-->[:flutter_local_notifications] AndroidManifest.xml:8:5-66
20-->[:flutter_local_notifications] AndroidManifest.xml:8:22-63
21    <uses-permission android:name="android.permission.USE_FULL_SCREEN_INTENT" />
21-->[:flutter_local_notifications] AndroidManifest.xml:9:5-81
21-->[:flutter_local_notifications] AndroidManifest.xml:9:22-78
22    <uses-permission android:name="android.permission.ACCESS_MEDIA_LOCATION" />
22-->[:photo_manager] AndroidManifest.xml:9:5-80
22-->[:photo_manager] AndroidManifest.xml:9:22-77
23
24    <queries>
24-->[:map_launcher] AndroidManifest.xml:7:5-20:15
25        <package android:name="com.google.android.apps.maps" />
25-->[:map_launcher] AndroidManifest.xml:8:9-64
25-->[:map_launcher] AndroidManifest.xml:8:18-61
26        <package android:name="com.google.android.apps.mapslite" />
26-->[:map_launcher] AndroidManifest.xml:9:9-68
26-->[:map_launcher] AndroidManifest.xml:9:18-65
27        <package android:name="com.autonavi.minimap" />
27-->[:map_launcher] AndroidManifest.xml:10:9-56
27-->[:map_launcher] AndroidManifest.xml:10:18-53
28        <package android:name="com.baidu.BaiduMap" />
28-->[:map_launcher] AndroidManifest.xml:11:9-54
28-->[:map_launcher] AndroidManifest.xml:11:18-51
29        <package android:name="com.waze" />
29-->[:map_launcher] AndroidManifest.xml:12:9-44
29-->[:map_launcher] AndroidManifest.xml:12:18-41
30        <package android:name="ru.yandex.yandexnavi" />
30-->[:map_launcher] AndroidManifest.xml:13:9-56
30-->[:map_launcher] AndroidManifest.xml:13:18-53
31        <package android:name="ru.yandex.yandexmaps" />
31-->[:map_launcher] AndroidManifest.xml:14:9-56
31-->[:map_launcher] AndroidManifest.xml:14:18-53
32        <package android:name="com.citymapper.app.release" />
32-->[:map_launcher] AndroidManifest.xml:15:9-62
32-->[:map_launcher] AndroidManifest.xml:15:18-59
33        <package android:name="com.mapswithme.maps.pro" />
33-->[:map_launcher] AndroidManifest.xml:16:9-59
33-->[:map_launcher] AndroidManifest.xml:16:18-56
34        <package android:name="net.osmand" />
34-->[:map_launcher] AndroidManifest.xml:17:9-46
34-->[:map_launcher] AndroidManifest.xml:17:18-43
35        <package android:name="ru.dublgis.dgismobile" />
35-->[:map_launcher] AndroidManifest.xml:18:9-57
35-->[:map_launcher] AndroidManifest.xml:18:18-54
36        <package android:name="com.tencent.map" />
36-->[:map_launcher] AndroidManifest.xml:19:9-51
36-->[:map_launcher] AndroidManifest.xml:19:18-48
37    </queries> <!-- Required by older versions of Google Play services to create IID tokens -->
38    <uses-permission android:name="com.google.android.c2dm.permission.RECEIVE" /> <!-- Permission will be merged into the manifest of the hosting app. -->
38-->[com.google.firebase:firebase-iid:21.0.1] AndroidManifest.xml:26:5-82
38-->[com.google.firebase:firebase-iid:21.0.1] AndroidManifest.xml:26:22-79
39    <!-- Is required to launch foreground extraction service for targetSdkVersion 28+. -->
40    <uses-permission android:name="android.permission.FOREGROUND_SERVICE" />
40-->[com.google.android.play:core:1.8.2] AndroidManifest.xml:8:3-74
40-->[com.google.android.play:core:1.8.2] AndroidManifest.xml:8:20-72
41
42    <application
42-->src\main\AndroidManifest.xml:12:5-68:19
43        android:name="io.flutter.app.FlutterApplication"
43-->src\main\AndroidManifest.xml:13:9-57
44        android:appComponentFactory="androidx.core.app.CoreComponentFactory"
44-->[androidx.core:core:1.3.0] AndroidManifest.xml:24:18-86
45        android:extractNativeLibs="false"
46        android:icon="@mipmap/launcher_icon"
46-->src\main\AndroidManifest.xml:16:9-45
47        android:label="RestoBox Vendor"
47-->src\main\AndroidManifest.xml:14:9-40
48        android:requestLegacyExternalStorage="true" >
48-->src\main\AndroidManifest.xml:15:9-52
49        <activity
49-->src\main\AndroidManifest.xml:18:9-61:20
50            android:name="com.edentech.fuodzvendor.MainActivity"
50-->src\main\AndroidManifest.xml:19:13-41
51            android:configChanges="orientation|keyboardHidden|keyboard|screenSize|smallestScreenSize|locale|layoutDirection|fontScale|screenLayout|density|uiMode"
51-->src\main\AndroidManifest.xml:22:13-163
52            android:hardwareAccelerated="true"
52-->src\main\AndroidManifest.xml:23:13-47
53            android:launchMode="singleTop"
53-->src\main\AndroidManifest.xml:20:13-43
54            android:theme="@style/LaunchTheme"
54-->src\main\AndroidManifest.xml:21:13-47
55            android:windowSoftInputMode="adjustResize" >
55-->src\main\AndroidManifest.xml:24:13-55
56
57            <!--
58                 Specifies an Android theme to apply to this Activity as soon as
59                 the Android process has started. This theme is visible to the user
60                 while the Flutter UI initializes. After that, this theme continues
61                 to determine the Window background behind the Flutter UI.
62            -->
63            <meta-data
63-->src\main\AndroidManifest.xml:29:13-32:17
64                android:name="io.flutter.embedding.android.NormalTheme"
64-->src\main\AndroidManifest.xml:30:15-70
65                android:resource="@style/NormalTheme" />
65-->src\main\AndroidManifest.xml:31:15-52
66            <!--
67                 Displays an Android View that continues showing the launch screen
68                 Drawable until Flutter paints its first frame, then this splash
69                 screen fades out. A splash screen is useful to avoid any visual
70                 gap between the end of Android's launch screen and the painting of
71                 Flutter's first frame.
72            -->
73            <meta-data
73-->src\main\AndroidManifest.xml:38:13-41:17
74                android:name="io.flutter.embedding.android.SplashScreenDrawable"
74-->src\main\AndroidManifest.xml:39:15-79
75                android:resource="@drawable/launch_background" />
75-->src\main\AndroidManifest.xml:40:15-61
76
77            <!-- Firebase notification -->
78            <meta-data
78-->src\main\AndroidManifest.xml:44:13-46:58
79                android:name="com.google.firebase.messaging.default_notification_channel_id"
79-->src\main\AndroidManifest.xml:45:17-93
80                android:value="high_importance_channel" />
80-->src\main\AndroidManifest.xml:46:17-56
81            <meta-data
81-->src\main\AndroidManifest.xml:48:13-50:64
82                android:name="com.google.firebase.messaging.default_notification_icon"
82-->src\main\AndroidManifest.xml:49:17-87
83                android:resource="@mipmap/notification_icon" />
83-->src\main\AndroidManifest.xml:50:17-61
84
85            <intent-filter>
85-->src\main\AndroidManifest.xml:52:13-55:29
86                <action android:name="android.intent.action.MAIN" />
86-->src\main\AndroidManifest.xml:53:17-68
86-->src\main\AndroidManifest.xml:53:25-66
87
88                <category android:name="android.intent.category.LAUNCHER" />
88-->src\main\AndroidManifest.xml:54:17-76
88-->src\main\AndroidManifest.xml:54:27-74
89            </intent-filter>
90            <intent-filter>
90-->src\main\AndroidManifest.xml:57:13-60:29
91                <action android:name="FLUTTER_NOTIFICATION_CLICK" />
91-->src\main\AndroidManifest.xml:58:17-69
91-->src\main\AndroidManifest.xml:58:25-66
92
93                <category android:name="android.intent.category.DEFAULT" />
93-->src\main\AndroidManifest.xml:59:17-76
93-->src\main\AndroidManifest.xml:59:27-73
94            </intent-filter>
95        </activity>
96        <!--
97             Don't delete the meta-data below.
98             This is used by the Flutter tool to generate GeneratedPluginRegistrant.java
99        -->
100        <meta-data
100-->src\main\AndroidManifest.xml:64:9-66:33
101            android:name="flutterEmbedding"
101-->src\main\AndroidManifest.xml:65:13-44
102            android:value="2" />
102-->src\main\AndroidManifest.xml:66:13-30
103
104        <service
104-->[:cloud_firestore] AndroidManifest.xml:8:9-12:19
105            android:name="com.google.firebase.components.ComponentDiscoveryService"
105-->[:cloud_firestore] AndroidManifest.xml:8:18-89
106            android:directBootAware="true"
106-->[com.google.firebase:firebase-common:19.5.0] AndroidManifest.xml:35:13-43
107            android:exported="false" >
107-->[com.google.firebase:firebase-messaging-ktx:21.0.1] AndroidManifest.xml:28:13-37
108            <meta-data
108-->[:cloud_firestore] AndroidManifest.xml:9:13-11:85
109                android:name="com.google.firebase.components:io.flutter.plugins.firebase.firestore.FlutterFirebaseFirestoreRegistrar"
109-->[:cloud_firestore] AndroidManifest.xml:10:17-134
110                android:value="com.google.firebase.components.ComponentRegistrar" />
110-->[:cloud_firestore] AndroidManifest.xml:11:17-82
111            <meta-data
111-->[:firebase_auth] AndroidManifest.xml:9:13-11:85
112                android:name="com.google.firebase.components:io.flutter.plugins.firebase.auth.FlutterFirebaseAuthRegistrar"
112-->[:firebase_auth] AndroidManifest.xml:10:17-124
113                android:value="com.google.firebase.components.ComponentRegistrar" />
113-->[:firebase_auth] AndroidManifest.xml:11:17-82
114            <meta-data
114-->[:firebase_storage] AndroidManifest.xml:9:13-11:85
115                android:name="com.google.firebase.components:io.flutter.plugins.firebase.storage.FlutterFirebaseAppRegistrar"
115-->[:firebase_storage] AndroidManifest.xml:10:17-126
116                android:value="com.google.firebase.components.ComponentRegistrar" />
116-->[:firebase_storage] AndroidManifest.xml:11:17-82
117            <meta-data
117-->[:firebase_messaging] AndroidManifest.xml:34:13-36:85
118                android:name="com.google.firebase.components:io.flutter.plugins.firebase.messaging.FlutterFirebaseAppRegistrar"
118-->[:firebase_messaging] AndroidManifest.xml:35:17-128
119                android:value="com.google.firebase.components.ComponentRegistrar" />
119-->[:firebase_messaging] AndroidManifest.xml:36:17-82
120            <meta-data
120-->[:firebase_core] AndroidManifest.xml:9:13-11:85
121                android:name="com.google.firebase.components:io.flutter.plugins.firebase.core.FlutterFirebaseCoreRegistrar"
121-->[:firebase_core] AndroidManifest.xml:10:17-124
122                android:value="com.google.firebase.components.ComponentRegistrar" />
122-->[:firebase_core] AndroidManifest.xml:11:17-82
123            <meta-data
123-->[com.google.firebase:firebase-messaging-ktx:21.0.1] AndroidManifest.xml:29:13-31:85
124                android:name="com.google.firebase.components:com.google.firebase.messaging.ktx.FirebaseMessagingKtxRegistrar"
124-->[com.google.firebase:firebase-messaging-ktx:21.0.1] AndroidManifest.xml:30:17-126
125                android:value="com.google.firebase.components.ComponentRegistrar" />
125-->[com.google.firebase:firebase-messaging-ktx:21.0.1] AndroidManifest.xml:31:17-82
126            <meta-data
126-->[com.google.firebase:firebase-common-ktx:19.5.0] AndroidManifest.xml:15:13-17:85
127                android:name="com.google.firebase.components:com.google.firebase.ktx.FirebaseCommonKtxRegistrar"
127-->[com.google.firebase:firebase-common-ktx:19.5.0] AndroidManifest.xml:16:17-113
128                android:value="com.google.firebase.components.ComponentRegistrar" />
128-->[com.google.firebase:firebase-common-ktx:19.5.0] AndroidManifest.xml:17:17-82
129            <meta-data
129-->[com.google.firebase:firebase-messaging:21.0.1] AndroidManifest.xml:39:13-41:85
130                android:name="com.google.firebase.components:com.google.firebase.messaging.FirebaseMessagingRegistrar"
130-->[com.google.firebase:firebase-messaging:21.0.1] AndroidManifest.xml:40:17-119
131                android:value="com.google.firebase.components.ComponentRegistrar" />
131-->[com.google.firebase:firebase-messaging:21.0.1] AndroidManifest.xml:41:17-82
132            <meta-data
132-->[com.google.firebase:firebase-auth:20.0.1] AndroidManifest.xml:77:13-79:85
133                android:name="com.google.firebase.components:com.google.firebase.auth.FirebaseAuthRegistrar"
133-->[com.google.firebase:firebase-auth:20.0.1] AndroidManifest.xml:78:17-109
134                android:value="com.google.firebase.components.ComponentRegistrar" />
134-->[com.google.firebase:firebase-auth:20.0.1] AndroidManifest.xml:79:17-82
135            <meta-data
135-->[com.google.firebase:firebase-firestore:22.0.1] AndroidManifest.xml:20:13-22:85
136                android:name="com.google.firebase.components:com.google.firebase.firestore.FirestoreRegistrar"
136-->[com.google.firebase:firebase-firestore:22.0.1] AndroidManifest.xml:21:17-111
137                android:value="com.google.firebase.components.ComponentRegistrar" />
137-->[com.google.firebase:firebase-firestore:22.0.1] AndroidManifest.xml:22:17-82
138            <meta-data
138-->[com.google.firebase:firebase-storage:19.2.1] AndroidManifest.xml:33:13-35:85
139                android:name="com.google.firebase.components:com.google.firebase.storage.StorageRegistrar"
139-->[com.google.firebase:firebase-storage:19.2.1] AndroidManifest.xml:34:17-107
140                android:value="com.google.firebase.components.ComponentRegistrar" />
140-->[com.google.firebase:firebase-storage:19.2.1] AndroidManifest.xml:35:17-82
141            <meta-data
141-->[com.google.firebase:firebase-datatransport:17.0.10] AndroidManifest.xml:28:13-30:85
142                android:name="com.google.firebase.components:com.google.firebase.datatransport.TransportRegistrar"
142-->[com.google.firebase:firebase-datatransport:17.0.10] AndroidManifest.xml:29:17-115
143                android:value="com.google.firebase.components.ComponentRegistrar" />
143-->[com.google.firebase:firebase-datatransport:17.0.10] AndroidManifest.xml:30:17-82
144            <meta-data
144-->[com.google.firebase:firebase-iid:21.0.1] AndroidManifest.xml:32:13-34:85
145                android:name="com.google.firebase.components:com.google.firebase.iid.Registrar"
145-->[com.google.firebase:firebase-iid:21.0.1] AndroidManifest.xml:33:17-96
146                android:value="com.google.firebase.components.ComponentRegistrar" />
146-->[com.google.firebase:firebase-iid:21.0.1] AndroidManifest.xml:34:17-82
147            <meta-data
147-->[com.google.firebase:firebase-installations:16.3.5] AndroidManifest.xml:18:13-20:85
148                android:name="com.google.firebase.components:com.google.firebase.installations.FirebaseInstallationsRegistrar"
148-->[com.google.firebase:firebase-installations:16.3.5] AndroidManifest.xml:19:17-127
149                android:value="com.google.firebase.components.ComponentRegistrar" />
149-->[com.google.firebase:firebase-installations:16.3.5] AndroidManifest.xml:20:17-82
150            <!--
151                This registrar is not defined in the dynamic-module-support sdk itself to allow non-firebase
152                clients to use it as well, by defining this registrar in their own core/common library.
153            -->
154            <meta-data
154-->[com.google.firebase:firebase-common:19.5.0] AndroidManifest.xml:43:13-45:85
155                android:name="com.google.firebase.components:com.google.firebase.dynamicloading.DynamicLoadingRegistrar"
155-->[com.google.firebase:firebase-common:19.5.0] AndroidManifest.xml:44:17-121
156                android:value="com.google.firebase.components.ComponentRegistrar" />
156-->[com.google.firebase:firebase-common:19.5.0] AndroidManifest.xml:45:17-82
157        </service>
158        <service
158-->[:firebase_messaging] AndroidManifest.xml:12:9-15:72
159            android:name="io.flutter.plugins.firebase.messaging.FlutterFirebaseMessagingBackgroundService"
159-->[:firebase_messaging] AndroidManifest.xml:13:13-107
160            android:exported="false"
160-->[:firebase_messaging] AndroidManifest.xml:14:13-37
161            android:permission="android.permission.BIND_JOB_SERVICE" />
161-->[:firebase_messaging] AndroidManifest.xml:15:13-69
162        <service
162-->[:firebase_messaging] AndroidManifest.xml:16:9-22:19
163            android:name="io.flutter.plugins.firebase.messaging.FlutterFirebaseMessagingService"
163-->[:firebase_messaging] AndroidManifest.xml:17:13-97
164            android:exported="false" >
164-->[:firebase_messaging] AndroidManifest.xml:18:13-37
165            <intent-filter>
165-->[:firebase_messaging] AndroidManifest.xml:19:13-21:29
166                <action android:name="com.google.firebase.MESSAGING_EVENT" />
166-->[:firebase_messaging] AndroidManifest.xml:20:17-78
166-->[:firebase_messaging] AndroidManifest.xml:20:25-75
167            </intent-filter>
168        </service>
169
170        <receiver
170-->[:firebase_messaging] AndroidManifest.xml:24:9-31:20
171            android:name="io.flutter.plugins.firebase.messaging.FlutterFirebaseMessagingReceiver"
171-->[:firebase_messaging] AndroidManifest.xml:25:13-98
172            android:exported="true"
172-->[:firebase_messaging] AndroidManifest.xml:26:13-36
173            android:permission="com.google.android.c2dm.permission.SEND" >
173-->[:firebase_messaging] AndroidManifest.xml:27:13-73
174            <intent-filter>
174-->[:firebase_messaging] AndroidManifest.xml:28:13-30:29
175                <action android:name="com.google.android.c2dm.intent.RECEIVE" />
175-->[:firebase_messaging] AndroidManifest.xml:29:17-81
175-->[:firebase_messaging] AndroidManifest.xml:29:25-78
176            </intent-filter>
177        </receiver>
178
179        <provider
179-->[:firebase_messaging] AndroidManifest.xml:39:9-43:38
180            android:name="io.flutter.plugins.firebase.messaging.FlutterFirebaseMessagingInitProvider"
180-->[:firebase_messaging] AndroidManifest.xml:40:13-102
181            android:authorities="com.edentech.fuodzvendor.flutterfirebasemessaginginitprovider"
181-->[:firebase_messaging] AndroidManifest.xml:41:13-88
182            android:exported="false"
182-->[:firebase_messaging] AndroidManifest.xml:42:13-37
183            android:initOrder="99" />
183-->[:firebase_messaging] AndroidManifest.xml:43:13-35
184        <provider
184-->[:image_picker] AndroidManifest.xml:11:9-19:20
185            android:name="io.flutter.plugins.imagepicker.ImagePickerFileProvider"
185-->[:image_picker] AndroidManifest.xml:12:13-82
186            android:authorities="com.edentech.fuodzvendor.flutter.image_provider"
186-->[:image_picker] AndroidManifest.xml:13:13-74
187            android:exported="false"
187-->[:image_picker] AndroidManifest.xml:14:13-37
188            android:grantUriPermissions="true" >
188-->[:image_picker] AndroidManifest.xml:15:13-47
189            <meta-data
189-->[:image_picker] AndroidManifest.xml:16:13-18:75
190                android:name="android.support.FILE_PROVIDER_PATHS"
190-->[:image_picker] AndroidManifest.xml:17:17-67
191                android:resource="@xml/flutter_image_picker_file_paths" />
191-->[:image_picker] AndroidManifest.xml:18:17-72
192        </provider>
193
194        <receiver android:name="com.dexterous.flutterlocalnotifications.ScheduledNotificationReceiver" />
194-->[:flutter_local_notifications] AndroidManifest.xml:12:9-106
194-->[:flutter_local_notifications] AndroidManifest.xml:12:19-103
195        <receiver android:name="com.dexterous.flutterlocalnotifications.ScheduledNotificationBootReceiver" >
195-->[:flutter_local_notifications] AndroidManifest.xml:13:9-20:20
195-->[:flutter_local_notifications] AndroidManifest.xml:13:19-107
196            <intent-filter>
196-->[:flutter_local_notifications] AndroidManifest.xml:14:13-19:29
197                <action android:name="android.intent.action.BOOT_COMPLETED" />
197-->[:flutter_local_notifications] AndroidManifest.xml:15:17-79
197-->[:flutter_local_notifications] AndroidManifest.xml:15:25-76
198                <action android:name="android.intent.action.MY_PACKAGE_REPLACED" />
198-->[:flutter_local_notifications] AndroidManifest.xml:16:17-84
198-->[:flutter_local_notifications] AndroidManifest.xml:16:25-81
199                <action android:name="android.intent.action.QUICKBOOT_POWERON" />
199-->[:flutter_local_notifications] AndroidManifest.xml:17:17-82
199-->[:flutter_local_notifications] AndroidManifest.xml:17:25-79
200                <action android:name="com.htc.intent.action.QUICKBOOT_POWERON" />
200-->[:flutter_local_notifications] AndroidManifest.xml:18:17-82
200-->[:flutter_local_notifications] AndroidManifest.xml:18:25-79
201            </intent-filter>
202        </receiver>
203
204        <activity
204-->[:url_launcher] AndroidManifest.xml:8:9-11:74
205            android:name="io.flutter.plugins.urllauncher.WebViewActivity"
205-->[:url_launcher] AndroidManifest.xml:9:13-74
206            android:exported="false"
206-->[:url_launcher] AndroidManifest.xml:10:13-37
207            android:theme="@android:style/Theme.NoTitleBar.Fullscreen" />
207-->[:url_launcher] AndroidManifest.xml:11:13-71
208        <!--
209             FirebaseMessagingService performs security checks at runtime,
210             but set to not exported to explicitly avoid allowing another app to call it.
211        -->
212        <service
212-->[com.google.firebase:firebase-messaging:21.0.1] AndroidManifest.xml:28:9-35:19
213            android:name="com.google.firebase.messaging.FirebaseMessagingService"
213-->[com.google.firebase:firebase-messaging:21.0.1] AndroidManifest.xml:29:13-82
214            android:directBootAware="true"
214-->[com.google.firebase:firebase-messaging:21.0.1] AndroidManifest.xml:30:13-43
215            android:exported="false" >
215-->[com.google.firebase:firebase-messaging:21.0.1] AndroidManifest.xml:31:13-37
216            <intent-filter android:priority="-500" >
216-->[:firebase_messaging] AndroidManifest.xml:19:13-21:29
217                <action android:name="com.google.firebase.MESSAGING_EVENT" />
217-->[:firebase_messaging] AndroidManifest.xml:20:17-78
217-->[:firebase_messaging] AndroidManifest.xml:20:25-75
218            </intent-filter>
219        </service>
220
221        <activity
221-->[com.google.firebase:firebase-auth:20.0.1] AndroidManifest.xml:27:9-44:20
222            android:name="com.google.firebase.auth.internal.GenericIdpActivity"
222-->[com.google.firebase:firebase-auth:20.0.1] AndroidManifest.xml:28:13-80
223            android:excludeFromRecents="true"
223-->[com.google.firebase:firebase-auth:20.0.1] AndroidManifest.xml:29:13-46
224            android:exported="true"
224-->[com.google.firebase:firebase-auth:20.0.1] AndroidManifest.xml:30:13-36
225            android:launchMode="singleTask"
225-->[com.google.firebase:firebase-auth:20.0.1] AndroidManifest.xml:31:13-44
226            android:theme="@android:style/Theme.Translucent.NoTitleBar" >
226-->[com.google.firebase:firebase-auth:20.0.1] AndroidManifest.xml:32:13-72
227            <intent-filter>
227-->[com.google.firebase:firebase-auth:20.0.1] AndroidManifest.xml:33:13-43:29
228                <action android:name="android.intent.action.VIEW" />
228-->[com.google.firebase:firebase-auth:20.0.1] AndroidManifest.xml:34:17-69
228-->[com.google.firebase:firebase-auth:20.0.1] AndroidManifest.xml:34:25-66
229
230                <category android:name="android.intent.category.DEFAULT" />
230-->src\main\AndroidManifest.xml:59:17-76
230-->src\main\AndroidManifest.xml:59:27-73
231                <category android:name="android.intent.category.BROWSABLE" />
231-->[com.google.firebase:firebase-auth:20.0.1] AndroidManifest.xml:37:17-78
231-->[com.google.firebase:firebase-auth:20.0.1] AndroidManifest.xml:37:27-75
232
233                <data
233-->[com.google.firebase:firebase-auth:20.0.1] AndroidManifest.xml:39:17-42:51
234                    android:host="firebase.auth"
234-->[com.google.firebase:firebase-auth:20.0.1] AndroidManifest.xml:40:21-49
235                    android:path="/"
235-->[com.google.firebase:firebase-auth:20.0.1] AndroidManifest.xml:41:21-37
236                    android:scheme="genericidp" />
236-->[com.google.firebase:firebase-auth:20.0.1] AndroidManifest.xml:42:21-48
237            </intent-filter>
238        </activity>
239        <activity
239-->[com.google.firebase:firebase-auth:20.0.1] AndroidManifest.xml:45:9-62:20
240            android:name="com.google.firebase.auth.internal.RecaptchaActivity"
240-->[com.google.firebase:firebase-auth:20.0.1] AndroidManifest.xml:46:13-79
241            android:excludeFromRecents="true"
241-->[com.google.firebase:firebase-auth:20.0.1] AndroidManifest.xml:47:13-46
242            android:exported="true"
242-->[com.google.firebase:firebase-auth:20.0.1] AndroidManifest.xml:48:13-36
243            android:launchMode="singleTask"
243-->[com.google.firebase:firebase-auth:20.0.1] AndroidManifest.xml:49:13-44
244            android:theme="@android:style/Theme.Translucent.NoTitleBar" >
244-->[com.google.firebase:firebase-auth:20.0.1] AndroidManifest.xml:50:13-72
245            <intent-filter>
245-->[com.google.firebase:firebase-auth:20.0.1] AndroidManifest.xml:51:13-61:29
246                <action android:name="android.intent.action.VIEW" />
246-->[com.google.firebase:firebase-auth:20.0.1] AndroidManifest.xml:34:17-69
246-->[com.google.firebase:firebase-auth:20.0.1] AndroidManifest.xml:34:25-66
247
248                <category android:name="android.intent.category.DEFAULT" />
248-->src\main\AndroidManifest.xml:59:17-76
248-->src\main\AndroidManifest.xml:59:27-73
249                <category android:name="android.intent.category.BROWSABLE" />
249-->[com.google.firebase:firebase-auth:20.0.1] AndroidManifest.xml:37:17-78
249-->[com.google.firebase:firebase-auth:20.0.1] AndroidManifest.xml:37:27-75
250
251                <data
251-->[com.google.firebase:firebase-auth:20.0.1] AndroidManifest.xml:39:17-42:51
252                    android:host="firebase.auth"
252-->[com.google.firebase:firebase-auth:20.0.1] AndroidManifest.xml:40:21-49
253                    android:path="/"
253-->[com.google.firebase:firebase-auth:20.0.1] AndroidManifest.xml:41:21-37
254                    android:scheme="recaptcha" />
254-->[com.google.firebase:firebase-auth:20.0.1] AndroidManifest.xml:42:21-48
255            </intent-filter>
256        </activity>
257
258        <service
258-->[com.google.firebase:firebase-auth:20.0.1] AndroidManifest.xml:64:9-73:19
259            android:name="com.google.firebase.auth.api.fallback.service.FirebaseAuthFallbackService"
259-->[com.google.firebase:firebase-auth:20.0.1] AndroidManifest.xml:65:13-101
260            android:enabled="true"
260-->[com.google.firebase:firebase-auth:20.0.1] AndroidManifest.xml:66:13-35
261            android:exported="false" >
261-->[com.google.firebase:firebase-auth:20.0.1] AndroidManifest.xml:67:13-37
262            <intent-filter>
262-->[com.google.firebase:firebase-auth:20.0.1] AndroidManifest.xml:68:13-72:29
263                <action android:name="com.google.firebase.auth.api.gms.service.START" />
263-->[com.google.firebase:firebase-auth:20.0.1] AndroidManifest.xml:69:17-89
263-->[com.google.firebase:firebase-auth:20.0.1] AndroidManifest.xml:69:25-86
264
265                <category android:name="android.intent.category.DEFAULT" />
265-->src\main\AndroidManifest.xml:59:17-76
265-->src\main\AndroidManifest.xml:59:27-73
266            </intent-filter>
267        </service>
268
269        <receiver
269-->[com.google.firebase:firebase-iid:21.0.1] AndroidManifest.xml:37:9-44:20
270            android:name="com.google.firebase.iid.FirebaseInstanceIdReceiver"
270-->[com.google.firebase:firebase-iid:21.0.1] AndroidManifest.xml:38:13-78
271            android:exported="true"
271-->[com.google.firebase:firebase-iid:21.0.1] AndroidManifest.xml:39:13-36
272            android:permission="com.google.android.c2dm.permission.SEND" >
272-->[com.google.firebase:firebase-iid:21.0.1] AndroidManifest.xml:40:13-73
273            <intent-filter>
273-->[:firebase_messaging] AndroidManifest.xml:28:13-30:29